<?xml version="1.0" ?>
<coverage version="7.13.5" timestamp="1775240613563" lines-valid="66" lines-covered="36" line-rate="0.5455" branches-valid="30" branches-covered="13" branch-rate="0.4333" complexity="0">
	<!-- Generated by coverage.py: https://coverage.readthedocs.io/en/7.13.5 -->
	<!-- Based on https://raw.githubusercontent.com/cobertura/web/master/htdocs/xml/coverage-04.dtd -->
	<sources>
		<source>/mnt/c/pocket-cursor/lib</source>
	</sources>
	<packages>
		<package name="." line-rate="0.5455" branch-rate="0.4333" complexity="0">
			<classes>
				<class name="command_rules.py" filename="command_rules.py" complexity="0" line-rate="0.6545" branch-rate="0.4643">
					<methods/>
					<lines>
						<line number="10" hits="1"/>
						<line number="11" hits="1"/>
						<line number="12" hits="1"/>
						<line number="13" hits="1"/>
						<line number="14" hits="1"/>
						<line number="16" hits="1"/>
						<line number="17" hits="1"/>
						<line number="18" hits="1"/>
						<line number="22" hits="1"/>
						<line number="25" hits="1"/>
						<line number="27" hits="1"/>
						<line number="28" hits="1" branch="true" condition-coverage="100% (2/2)"/>
						<line number="29" hits="1" branch="true" condition-coverage="50% (1/2)" missing-branches="30"/>
						<line number="30" hits="0"/>
						<line number="31" hits="1" branch="true" condition-coverage="50% (1/2)" missing-branches="28"/>
						<line number="32" hits="1" branch="true" condition-coverage="100% (2/2)"/>
						<line number="33" hits="1"/>
						<line number="34" hits="1"/>
						<line number="37" hits="1"/>
						<line number="39" hits="1" branch="true" condition-coverage="50% (1/2)" missing-branches="40"/>
						<line number="40" hits="0"/>
						<line number="41" hits="1"/>
						<line number="42" hits="1"/>
						<line number="43" hits="1" branch="true" condition-coverage="50% (1/2)" missing-branches="44"/>
						<line number="44" hits="0"/>
						<line number="45" hits="1"/>
						<line number="46" hits="1"/>
						<line number="50" hits="1"/>
						<line number="51" hits="1"/>
						<line number="55" hits="0"/>
						<line number="56" hits="0"/>
						<line number="59" hits="1"/>
						<line number="67" hits="1"/>
						<line number="68" hits="1" branch="true" condition-coverage="50% (1/2)" missing-branches="69"/>
						<line number="69" hits="0"/>
						<line number="71" hits="1"/>
						<line number="72" hits="1" branch="true" condition-coverage="50% (1/2)" missing-branches="75"/>
						<line number="73" hits="1"/>
						<line number="75" hits="0" branch="true" condition-coverage="0% (0/2)" missing-branches="76,79"/>
						<line number="76" hits="0"/>
						<line number="79" hits="0"/>
						<line number="81" hits="0"/>
						<line number="82" hits="0" branch="true" condition-coverage="0% (0/2)" missing-branches="83,85"/>
						<line number="83" hits="0"/>
						<line number="85" hits="0"/>
						<line number="86" hits="0"/>
						<line number="91" hits="0" branch="true" condition-coverage="0% (0/2)" missing-branches="92,93"/>
						<line number="92" hits="0"/>
						<line number="93" hits="0"/>
						<line number="96" hits="1"/>
						<line number="102" hits="1" branch="true" condition-coverage="100% (2/2)"/>
						<line number="103" hits="1" branch="true" condition-coverage="50% (1/2)" missing-branches="104"/>
						<line number="104" hits="0" branch="true" condition-coverage="0% (0/2)" missing-branches="103,105"/>
						<line number="105" hits="0"/>
						<line number="106" hits="1"/>
					</lines>
				</class>
				<class name="observability.py" filename="observability.py" complexity="0" line-rate="0" branch-rate="0">
					<methods/>
					<lines>
						<line number="3" hits="0"/>
						<line number="5" hits="0"/>
						<line number="7" hits="0"/>
						<line number="8" hits="0"/>
						<line number="9" hits="0"/>
						<line number="11" hits="0"/>
						<line number="14" hits="0"/>
						<line number="15" hits="0"/>
						<line number="16" hits="0" branch="true" condition-coverage="0% (0/2)" missing-branches="17,18"/>
						<line number="17" hits="0"/>
						<line number="18" hits="0"/>
					</lines>
				</class>
			</classes>
		</package>
	</packages>
</coverage>
